2026-02-23 09:18: ================================================================================
2026-02-23 09:18: Physics-Integrated GCN for WDS State Estimation
2026-02-23 09:18: ================================================================================
2026-02-23 09:18: TensorFlow version: 2.20.0
2026-02-23 09:18: Result directory: results/20260223_091854
2026-02-23 09:18: Data directory: datasets/asnet2_5/
2026-02-23 09:18: Learning mode: Supervised
2026-02-23 09:18: 
2026-02-23 09:18: Configuration saved to: results/20260223_091854/config.json
2026-02-23 09:18: 
================================================================================
2026-02-23 09:18: TRAINING MODE
2026-02-23 09:18: ================================================================================
2026-02-23 09:18: 
Hyperparameters:
2026-02-23 09:18: ----------------------------------------
2026-02-23 09:18:   Latent dimension: 20
2026-02-23 09:18:   Hidden layers: 2
2026-02-23 09:18:   Correction updates: 20
2026-02-23 09:18:   Alpha (step size): 0.5
2026-02-23 09:18:   Learning rate: 0.001
2026-02-23 09:18:   Batch size: 500
2026-02-23 09:18:   Discount factor: 0.9
2026-02-23 09:18:   Non-linearity: leaky_relu
2026-02-23 09:18:   Max iterations: 80000
2026-02-23 09:18:   Learning mode: Supervised
2026-02-23 09:18: 
2026-02-23 09:18: 
Model Configuration:
2026-02-23 09:18: ----------------------------------------
2026-02-23 09:18:   Name: physics_gcn
2026-02-23 09:18:   Directory: results/20260223_091854
2026-02-23 09:18:   Latent dimension: 20
2026-02-23 09:18:   Hidden layers: 2
2026-02-23 09:18:   Correction updates: 20
2026-02-23 09:18:   Alpha: 0.5
2026-02-23 09:18:   Non-linearity: leaky_relu
2026-02-23 09:18:   Batch size: 500
2026-02-23 09:18:   Learning mode: Supervised
2026-02-23 09:18:   d_in_A: 1
2026-02-23 09:18:   d_in_B: 4
2026-02-23 09:18:   d_out: 1
2026-02-23 09:18: Starting training...

2026-02-23 09:18: ================================================================================
2026-02-23 09:18: Starting Training
2026-02-23 09:18: ================================================================================
2026-02-23 09:18: Max iterations: 80000
2026-02-23 09:18: Learning rate: 0.001
2026-02-23 09:18: Discount: 0.9
2026-02-23 09:18: Data directory: datasets/asnet2_5/
2026-02-23 09:18: Training mode: Supervised
2026-02-23 09:19: 
Iteration 0:
2026-02-23 09:19:   Train loss: 7.226691
2026-02-23 09:19:   Val loss: 6.047696
2026-02-23 09:19: Model saved to: results/20260223_091854
2026-02-23 09:22: 
Iteration 1000:
2026-02-23 09:22:   Train loss: 0.043109
2026-02-23 09:22:   Val loss: 0.004459
2026-02-23 09:22: Model saved to: results/20260223_091854
2026-02-23 09:25: 
Iteration 2000:
2026-02-23 09:25:   Train loss: 0.002988
2026-02-23 09:25:   Val loss: 0.002565
2026-02-23 09:25: Model saved to: results/20260223_091854
2026-02-23 09:28: 
Iteration 3000:
2026-02-23 09:28:   Train loss: 0.002077
2026-02-23 09:28:   Val loss: 0.001794
2026-02-23 09:28: Model saved to: results/20260223_091854
2026-02-23 09:31: 
Iteration 4000:
2026-02-23 09:31:   Train loss: 0.001510
2026-02-23 09:31:   Val loss: 0.001295
2026-02-23 09:31: Model saved to: results/20260223_091854
2026-02-23 09:33: 
Iteration 5000:
2026-02-23 09:33:   Train loss: 0.001122
2026-02-23 09:33:   Val loss: 0.000489
2026-02-23 09:33: Model saved to: results/20260223_091854
2026-02-23 09:33: Checkpoint saved at iteration 5000
2026-02-23 09:36: 
Iteration 6000:
2026-02-23 09:36:   Train loss: 0.000624
2026-02-23 09:36:   Val loss: 0.000139
2026-02-23 09:36: Model saved to: results/20260223_091854
2026-02-23 09:39: 
Iteration 7000:
2026-02-23 09:39:   Train loss: 0.000684
2026-02-23 09:39:   Val loss: 0.001154
2026-02-23 09:39: Model saved to: results/20260223_091854
2026-02-23 09:42: 
Iteration 8000:
2026-02-23 09:42:   Train loss: 0.000235
2026-02-23 09:42:   Val loss: 0.000273
2026-02-23 09:42: Model saved to: results/20260223_091854
2026-02-23 09:45: 
Iteration 9000:
2026-02-23 09:45:   Train loss: 0.000187
2026-02-23 09:45:   Val loss: 0.000088
2026-02-23 09:45: Model saved to: results/20260223_091854
2026-02-23 09:48: 
Iteration 10000:
2026-02-23 09:48:   Train loss: 0.000319
2026-02-23 09:48:   Val loss: 0.001404
2026-02-23 09:48: Model saved to: results/20260223_091854
2026-02-23 09:48: Checkpoint saved at iteration 10000
2026-02-23 09:51: 
Iteration 11000:
2026-02-23 09:51:   Train loss: 0.000297
2026-02-23 09:51:   Val loss: 0.000039
2026-02-23 09:51: Model saved to: results/20260223_091854
2026-02-23 09:53: 
Iteration 12000:
2026-02-23 09:53:   Train loss: 0.000266
2026-02-23 09:53:   Val loss: 0.000220
2026-02-23 09:53: Model saved to: results/20260223_091854
2026-02-23 09:56: 
Iteration 13000:
2026-02-23 09:56:   Train loss: 0.000288
2026-02-23 09:56:   Val loss: 0.000330
2026-02-23 09:56: Model saved to: results/20260223_091854
2026-02-23 09:59: 
Iteration 14000:
2026-02-23 09:59:   Train loss: 0.000379
2026-02-23 09:59:   Val loss: 0.000027
2026-02-23 09:59: Model saved to: results/20260223_091854
2026-02-23 10:02: 
Iteration 15000:
2026-02-23 10:02:   Train loss: 0.000286
2026-02-23 10:02:   Val loss: 0.000067
2026-02-23 10:02: Model saved to: results/20260223_091854
2026-02-23 10:02: Checkpoint saved at iteration 15000
2026-02-23 10:05: 
Iteration 16000:
2026-02-23 10:05:   Train loss: 0.000369
2026-02-23 10:05:   Val loss: 0.001100
2026-02-23 10:05: Model saved to: results/20260223_091854
2026-02-23 10:08: 
Iteration 17000:
2026-02-23 10:08:   Train loss: 0.000307
2026-02-23 10:08:   Val loss: 0.000033
2026-02-23 10:08: Model saved to: results/20260223_091854
2026-02-23 10:11: 
Iteration 18000:
2026-02-23 10:11:   Train loss: 0.000119
2026-02-23 10:11:   Val loss: 0.000124
2026-02-23 10:11: Model saved to: results/20260223_091854
2026-02-23 10:13: 
Iteration 19000:
2026-02-23 10:13:   Train loss: 0.000184
2026-02-23 10:13:   Val loss: 0.000023
2026-02-23 10:13: Model saved to: results/20260223_091854
2026-02-23 10:16: 
Iteration 20000:
2026-02-23 10:16:   Train loss: 0.000286
2026-02-23 10:16:   Val loss: 0.000209
2026-02-23 10:16: Model saved to: results/20260223_091854
2026-02-23 10:16: Checkpoint saved at iteration 20000
2026-02-23 10:19: 
Iteration 21000:
2026-02-23 10:19:   Train loss: 0.000261
2026-02-23 10:19:   Val loss: 0.000009
2026-02-23 10:19: Model saved to: results/20260223_091854
2026-02-23 10:22: 
Iteration 22000:
2026-02-23 10:22:   Train loss: 0.000385
2026-02-23 10:22:   Val loss: 0.000135
2026-02-23 10:22: Model saved to: results/20260223_091854
2026-02-23 10:25: 
Iteration 23000:
2026-02-23 10:25:   Train loss: 0.000136
2026-02-23 10:25:   Val loss: 0.000024
2026-02-23 10:25: Model saved to: results/20260223_091854
2026-02-23 10:28: 
Iteration 24000:
2026-02-23 10:28:   Train loss: 0.000121
2026-02-23 10:28:   Val loss: 0.000055
2026-02-23 10:28: Model saved to: results/20260223_091854
2026-02-23 10:31: 
Iteration 25000:
2026-02-23 10:31:   Train loss: 0.000200
2026-02-23 10:31:   Val loss: 0.000014
2026-02-23 10:31: Model saved to: results/20260223_091854
2026-02-23 10:31: Checkpoint saved at iteration 25000
2026-02-23 10:34: 
Iteration 26000:
2026-02-23 10:34:   Train loss: 0.000077
2026-02-23 10:34:   Val loss: 0.000009
2026-02-23 10:34: Model saved to: results/20260223_091854
2026-02-23 10:36: 
Iteration 27000:
2026-02-23 10:36:   Train loss: 0.000144
2026-02-23 10:36:   Val loss: 0.000873
2026-02-23 10:36: Model saved to: results/20260223_091854
2026-02-23 10:39: 
Iteration 28000:
2026-02-23 10:39:   Train loss: 0.000151
2026-02-23 10:39:   Val loss: 0.000038
2026-02-23 10:39: Model saved to: results/20260223_091854
2026-02-23 10:42: 
Iteration 29000:
2026-02-23 10:42:   Train loss: 0.000229
2026-02-23 10:42:   Val loss: 0.000006
2026-02-23 10:42: Model saved to: results/20260223_091854
2026-02-23 10:45: 
Iteration 30000:
2026-02-23 10:45:   Train loss: 0.000274
2026-02-23 10:45:   Val loss: 0.000012
2026-02-23 10:45: Model saved to: results/20260223_091854
2026-02-23 10:45: Checkpoint saved at iteration 30000
2026-02-23 10:48: 
Iteration 31000:
2026-02-23 10:48:   Train loss: 0.000090
2026-02-23 10:48:   Val loss: 0.000084
2026-02-23 10:48: Model saved to: results/20260223_091854
2026-02-23 10:51: 
Iteration 32000:
2026-02-23 10:51:   Train loss: 0.000100
2026-02-23 10:51:   Val loss: 0.000015
2026-02-23 10:51: Model saved to: results/20260223_091854
2026-02-23 10:54: 
Iteration 33000:
2026-02-23 10:54:   Train loss: 0.000164
2026-02-23 10:54:   Val loss: 0.001343
2026-02-23 10:54: Model saved to: results/20260223_091854
2026-02-23 10:56: 
Iteration 34000:
2026-02-23 10:56:   Train loss: 0.000075
2026-02-23 10:56:   Val loss: 0.000015
2026-02-23 10:56: Model saved to: results/20260223_091854
2026-02-23 10:59: 
Iteration 35000:
2026-02-23 10:59:   Train loss: 0.000220
2026-02-23 10:59:   Val loss: 0.000005
2026-02-23 10:59: Model saved to: results/20260223_091854
2026-02-23 10:59: Checkpoint saved at iteration 35000
2026-02-23 11:02: 
Iteration 36000:
2026-02-23 11:02:   Train loss: 0.000400
2026-02-23 11:02:   Val loss: 0.000007
2026-02-23 11:02: Model saved to: results/20260223_091854
2026-02-23 11:05: 
Iteration 37000:
2026-02-23 11:05:   Train loss: 0.000193
2026-02-23 11:05:   Val loss: 0.000039
2026-02-23 11:05: Model saved to: results/20260223_091854
2026-02-23 11:08: 
Iteration 38000:
2026-02-23 11:08:   Train loss: 0.000053
2026-02-23 11:08:   Val loss: 0.000004
2026-02-23 11:08: Model saved to: results/20260223_091854
2026-02-23 11:11: 
Iteration 39000:
2026-02-23 11:11:   Train loss: 0.000044
2026-02-23 11:11:   Val loss: 0.000139
2026-02-23 11:11: Model saved to: results/20260223_091854
2026-02-23 11:14: 
Iteration 40000:
2026-02-23 11:14:   Train loss: 0.000055
2026-02-23 11:14:   Val loss: 0.000004
2026-02-23 11:14: Model saved to: results/20260223_091854
2026-02-23 11:14: Checkpoint saved at iteration 40000
2026-02-23 11:17: 
Iteration 41000:
2026-02-23 11:17:   Train loss: 0.000069
2026-02-23 11:17:   Val loss: 0.000003
2026-02-23 11:17: Model saved to: results/20260223_091854
2026-02-23 11:19: 
Iteration 42000:
2026-02-23 11:19:   Train loss: 0.000039
2026-02-23 11:19:   Val loss: 0.000005
2026-02-23 11:19: Model saved to: results/20260223_091854
2026-02-23 11:22: 
Iteration 43000:
2026-02-23 11:22:   Train loss: 0.000195
2026-02-23 11:22:   Val loss: 0.000060
2026-02-23 11:22: Model saved to: results/20260223_091854
2026-02-23 11:25: 
Iteration 44000:
2026-02-23 11:25:   Train loss: 0.000007
2026-02-23 11:25:   Val loss: 0.000003
2026-02-23 11:25: Model saved to: results/20260223_091854
2026-02-23 11:28: 
Iteration 45000:
2026-02-23 11:28:   Train loss: 0.000029
2026-02-23 11:28:   Val loss: 0.000092
2026-02-23 11:28: Model saved to: results/20260223_091854
2026-02-23 11:28: Checkpoint saved at iteration 45000
2026-02-23 11:31: 
Iteration 46000:
2026-02-23 11:31:   Train loss: 0.000117
2026-02-23 11:31:   Val loss: 0.000003
2026-02-23 11:31: Model saved to: results/20260223_091854
2026-02-23 11:34: 
Iteration 47000:
2026-02-23 11:34:   Train loss: 0.000021
2026-02-23 11:34:   Val loss: 0.000010
2026-02-23 11:34: Model saved to: results/20260223_091854
2026-02-23 11:36: 
Iteration 48000:
2026-02-23 11:36:   Train loss: 0.000058
2026-02-23 11:36:   Val loss: 0.000028
2026-02-23 11:36: Model saved to: results/20260223_091854
2026-02-23 11:39: 
Iteration 49000:
2026-02-23 11:39:   Train loss: 0.000050
2026-02-23 11:39:   Val loss: 0.000024
2026-02-23 11:39: Model saved to: results/20260223_091854
2026-02-23 11:42: 
Iteration 50000:
2026-02-23 11:42:   Train loss: 0.000057
2026-02-23 11:42:   Val loss: 0.000012
2026-02-23 11:42: Model saved to: results/20260223_091854
2026-02-23 11:42: Checkpoint saved at iteration 50000
2026-02-23 11:45: 
Iteration 51000:
2026-02-23 11:45:   Train loss: 0.000022
2026-02-23 11:45:   Val loss: 0.000011
2026-02-23 11:45: Model saved to: results/20260223_091854
2026-02-23 11:48: 
Iteration 52000:
2026-02-23 11:48:   Train loss: 0.000217
2026-02-23 11:48:   Val loss: 0.000013
2026-02-23 11:48: Model saved to: results/20260223_091854
2026-02-23 11:51: 
Iteration 53000:
2026-02-23 11:51:   Train loss: 0.000063
2026-02-23 11:51:   Val loss: 0.000034
2026-02-23 11:51: Model saved to: results/20260223_091854
2026-02-23 11:55: 
Iteration 54000:
2026-02-23 11:55:   Train loss: 0.000021
2026-02-23 11:55:   Val loss: 0.000033
2026-02-23 11:55: Model saved to: results/20260223_091854
2026-02-23 11:58: 
Iteration 55000:
2026-02-23 11:58:   Train loss: 0.000047
2026-02-23 11:58:   Val loss: 0.000008
2026-02-23 11:58: Model saved to: results/20260223_091854
2026-02-23 11:58: Checkpoint saved at iteration 55000
2026-02-23 12:01: 
Iteration 56000:
2026-02-23 12:01:   Train loss: 0.000025
2026-02-23 12:01:   Val loss: 0.000003
2026-02-23 12:01: Model saved to: results/20260223_091854
2026-02-23 12:04: 
Iteration 57000:
2026-02-23 12:04:   Train loss: 0.000028
2026-02-23 12:04:   Val loss: 0.000005
2026-02-23 12:05: Model saved to: results/20260223_091854
2026-02-23 12:08: 
Iteration 58000:
2026-02-23 12:08:   Train loss: 0.000029
2026-02-23 12:08:   Val loss: 0.000020
2026-02-23 12:08: Model saved to: results/20260223_091854
2026-02-23 12:10: 
Iteration 59000:
2026-02-23 12:10:   Train loss: 0.000026
2026-02-23 12:10:   Val loss: 0.000038
2026-02-23 12:10: Model saved to: results/20260223_091854
2026-02-23 12:13: 
Iteration 60000:
2026-02-23 12:13:   Train loss: 0.000025
2026-02-23 12:13:   Val loss: 0.000039
2026-02-23 12:13: Model saved to: results/20260223_091854
2026-02-23 12:13: Checkpoint saved at iteration 60000
2026-02-23 12:16: 
Iteration 61000:
2026-02-23 12:16:   Train loss: 0.000062
2026-02-23 12:16:   Val loss: 0.000042
2026-02-23 12:16: Model saved to: results/20260223_091854
2026-02-23 12:19: 
Iteration 62000:
2026-02-23 12:19:   Train loss: 0.000021
2026-02-23 12:19:   Val loss: 0.000002
2026-02-23 12:19: Model saved to: results/20260223_091854
2026-02-23 12:22: 
Iteration 63000:
2026-02-23 12:22:   Train loss: 0.000099
2026-02-23 12:22:   Val loss: 0.000012
2026-02-23 12:22: Model saved to: results/20260223_091854
2026-02-23 12:25: 
Iteration 64000:
2026-02-23 12:25:   Train loss: 0.000005
2026-02-23 12:25:   Val loss: 0.000004
2026-02-23 12:25: Model saved to: results/20260223_091854
2026-02-23 12:28: 
Iteration 65000:
2026-02-23 12:28:   Train loss: 0.000020
2026-02-23 12:28:   Val loss: 0.000017
2026-02-23 12:28: Model saved to: results/20260223_091854
2026-02-23 12:28: Checkpoint saved at iteration 65000
2026-02-23 12:31: 
Iteration 66000:
2026-02-23 12:31:   Train loss: 0.000023
2026-02-23 12:31:   Val loss: 0.000016
2026-02-23 12:31: Model saved to: results/20260223_091854
2026-02-23 12:34: 
Iteration 67000:
2026-02-23 12:34:   Train loss: 0.000065
2026-02-23 12:34:   Val loss: 0.000009
2026-02-23 12:34: Model saved to: results/20260223_091854
2026-02-23 12:36: 
Iteration 68000:
2026-02-23 12:36:   Train loss: 0.000010
2026-02-23 12:36:   Val loss: 0.000003
2026-02-23 12:36: Model saved to: results/20260223_091854
2026-02-23 12:39: 
Iteration 69000:
2026-02-23 12:39:   Train loss: 0.000025
2026-02-23 12:39:   Val loss: 0.000010
2026-02-23 12:39: Model saved to: results/20260223_091854
2026-02-23 12:42: 
Iteration 70000:
2026-02-23 12:42:   Train loss: 0.000043
2026-02-23 12:42:   Val loss: 0.000008
2026-02-23 12:42: Model saved to: results/20260223_091854
2026-02-23 12:42: Checkpoint saved at iteration 70000
2026-02-23 12:45: 
Iteration 71000:
2026-02-23 12:45:   Train loss: 0.000014
2026-02-23 12:45:   Val loss: 0.000033
2026-02-23 12:45: Model saved to: results/20260223_091854
2026-02-23 12:48: 
Iteration 72000:
2026-02-23 12:48:   Train loss: 0.000018
2026-02-23 12:48:   Val loss: 0.000005
2026-02-23 12:48: Model saved to: results/20260223_091854
2026-02-23 12:51: 
Iteration 73000:
2026-02-23 12:51:   Train loss: 0.000048
2026-02-23 12:51:   Val loss: 0.000003
2026-02-23 12:51: Model saved to: results/20260223_091854
2026-02-23 12:54: 
Iteration 74000:
2026-02-23 12:54:   Train loss: 0.000016
2026-02-23 12:54:   Val loss: 0.000007
2026-02-23 12:54: Model saved to: results/20260223_091854
2026-02-23 12:57: 
Iteration 75000:
2026-02-23 12:57:   Train loss: 0.000050
2026-02-23 12:57:   Val loss: 0.000003
2026-02-23 12:57: Model saved to: results/20260223_091854
2026-02-23 12:57: Checkpoint saved at iteration 75000
2026-02-23 12:59: 
Iteration 76000:
2026-02-23 12:59:   Train loss: 0.000018
2026-02-23 12:59:   Val loss: 0.000035
2026-02-23 12:59: Model saved to: results/20260223_091854
2026-02-23 13:02: 
Iteration 77000:
2026-02-23 13:02:   Train loss: 0.000018
2026-02-23 13:02:   Val loss: 0.000003
2026-02-23 13:02: Model saved to: results/20260223_091854
2026-02-23 13:05: 
Iteration 78000:
2026-02-23 13:05:   Train loss: 0.000075
2026-02-23 13:05:   Val loss: 0.000003
2026-02-23 13:05: Model saved to: results/20260223_091854
2026-02-23 13:08: 
Iteration 79000:
2026-02-23 13:08:   Train loss: 0.000016
2026-02-23 13:08:   Val loss: 0.000024
2026-02-23 13:08: Model saved to: results/20260223_091854
2026-02-23 13:11: 
Iteration 79999:
2026-02-23 13:11:   Train loss: 0.000020
2026-02-23 13:11:   Val loss: 0.000002
2026-02-23 13:11: Model saved to: results/20260223_091854
2026-02-23 13:11: Model saved to: results/20260223_091854
2026-02-23 13:11: 
Training completed!
2026-02-23 13:11: 
Training completed in 3.88 hours
2026-02-23 13:11: 
================================================================================
2026-02-23 13:11: VALIDATION EVALUATION
2026-02-23 13:11: ================================================================================
2026-02-23 13:11: 
Evaluating on val set...
2026-02-23 13:11: Predictions saved to: results/20260223_091854/predictions_val.npz
2026-02-23 13:11: Validation Results:
2026-02-23 13:11: ----------------------------------------
2026-02-23 13:11:   mse: 0.000002
2026-02-23 13:11:   rmse: 0.001340
2026-02-23 13:11:   mae: 0.001099
2026-02-23 13:11:   correlation: 0.999997
2026-02-23 13:11:   physics_loss: 0.000078
2026-02-23 13:11: 
================================================================================
2026-02-23 13:11: TEST EVALUATION
2026-02-23 13:11: ================================================================================
2026-02-23 13:11: 
Evaluating on test set...
2026-02-23 13:11: Predictions saved to: results/20260223_091854/predictions_test.npz
2026-02-23 13:11: Test Results:
2026-02-23 13:11: ----------------------------------------
2026-02-23 13:11:   mse: 0.000002
2026-02-23 13:11:   rmse: 0.001340
2026-02-23 13:11:   mae: 0.001099
2026-02-23 13:11:   correlation: 0.999997
2026-02-23 13:11:   physics_loss: 0.000078
2026-02-23 13:11: You are saving your model as an HDF5 file via `model.save()` or `keras.saving.save_model(model)`. This file format is considered legacy. We recommend using instead the native Keras format, e.g. `model.save('my_model.keras')` or `keras.saving.save_model(model, 'my_model.keras')`. 
2026-02-23 13:11: 
Final model saved to: results/20260223_091854/final_model.h5
2026-02-23 13:11: Metrics summary saved to: results/20260223_091854/metrics_summary.json
2026-02-23 13:11: 
================================================================================
2026-02-23 13:11: Done!
2026-02-23 13:11: ================================================================================
